<?xml version="1.0" encoding="UTF-8"?>
<testsuite name="com.im.test.UserSpec" tests="8" skipped="0" failures="0" errors="0" timestamp="2016-02-10T10:39:50" hostname="saksham-TravelMate-P257-M" time="0.331">
  <properties/>
  <testcase name="First test" classname="com.im.test.UserSpec" time="0.055"/>
  <testcase name="display full name" classname="com.im.test.UserSpec" time="0.002"/>
  <testcase name="valid password" classname="com.im.test.UserSpec" time="0.002"/>
  <testcase name="reset password" classname="com.im.test.UserSpec" time="0.199"/>
  <testcase name="encrypt supplied password" classname="com.im.test.UserSpec" time="0.023"/>
  <testcase name="group according to incomes" classname="com.im.test.UserSpec" time="0.005"/>
  <testcase name="maintaining a list of purchased products" classname="com.im.test.UserSpec" time="0.042"/>
  <testcase name="removing a product from the list of purchased products" classname="com.im.test.UserSpec" time="0.002"/>
  <system-out><![CDATA[]]></system-out>
  <system-err><![CDATA[]]></system-err>
</testsuite>
