<?xml version="1.0" encoding="UTF-8"?>
<testsuite name="com.im.test.PersonSpec" tests="1" skipped="0" failures="0" errors="0" timestamp="2016-02-08T17:29:25" hostname="saksham-TravelMate-P257-M" time="0.038">
  <properties/>
  <testcase name="First test" classname="com.im.test.PersonSpec" time="0.038"/>
  <system-out><![CDATA[]]></system-out>
  <system-err><![CDATA[]]></system-err>
</testsuite>
